<?xml version="1.0" encoding="UTF-8"?>
<testsuite xmlns:xsi="http://www.w3.org/2001/XMLSchema-instance" xsi:noNamespaceSchemaLocation="https://maven.apache.org/surefire/maven-surefire-plugin/xsd/surefire-test-report.xsd" name="com.softwareTesting.RobotProject.RobotCheckInputTest" time="0.029" tests="84" errors="0" skipped="0" failures="0">
  <properties>
    <property name="java.specification.version" value="17"/>
    <property name="sun.jnu.encoding" value="UTF-8"/>
    <property name="java.class.path" value="/Users/vikashkirla/Desktop/eclipse-workspace/RobotProject/target/test-classes:/Users/vikashkirla/Desktop/eclipse-workspace/RobotProject/target/classes:/Users/vikashkirla/.m2/repository/junit/junit/4.13.2/junit-4.13.2.jar:/Users/vikashkirla/.m2/repository/org/hamcrest/hamcrest-core/1.3/hamcrest-core-1.3.jar:/Users/vikashkirla/.m2/repository/org/junit/jupiter/junit-jupiter-api/5.8.0/junit-jupiter-api-5.8.0.jar:/Users/vikashkirla/.m2/repository/org/opentest4j/opentest4j/1.2.0/opentest4j-1.2.0.jar:/Users/vikashkirla/.m2/repository/org/junit/platform/junit-platform-commons/1.8.0/junit-platform-commons-1.8.0.jar:/Users/vikashkirla/.m2/repository/org/apiguardian/apiguardian-api/1.1.2/apiguardian-api-1.1.2.jar:/Users/vikashkirla/.m2/repository/org/junit/vintage/junit-vintage-engine/5.8.0/junit-vintage-engine-5.8.0.jar:/Users/vikashkirla/.m2/repository/org/junit/platform/junit-platform-engine/1.8.0/junit-platform-engine-1.8.0.jar:"/>
    <property name="java.vm.vendor" value="Eclipse Adoptium"/>
    <property name="sun.arch.data.model" value="64"/>
    <property name="java.vendor.url" value="https://adoptium.net/"/>
    <property name="os.name" value="Mac OS X"/>
    <property name="java.vm.specification.version" value="17"/>
    <property name="sun.java.launcher" value="SUN_STANDARD"/>
    <property name="user.country" value="CA"/>
    <property name="sun.boot.library.path" value="/Users/vikashkirla/.p2/pool/plugins/org.eclipse.justj.openjdk.hotspot.jre.full.macosx.x86_64_17.0.6.v20230204-1729/jre/lib"/>
    <property name="sun.java.command" value="/Users/vikashkirla/Desktop/eclipse-workspace/RobotProject/target/surefire/surefirebooter1535933972929099912.jar /Users/vikashkirla/Desktop/eclipse-workspace/RobotProject/target/surefire 2023-08-03T18-27-33_376-jvmRun1 surefire15403262799764689187tmp surefire_06711328760913544082tmp"/>
    <property name="http.nonProxyHosts" value="local|*.local|169.254/16|*.169.254/16"/>
    <property name="jdk.debug" value="release"/>
    <property name="surefire.test.class.path" value="/Users/vikashkirla/Desktop/eclipse-workspace/RobotProject/target/test-classes:/Users/vikashkirla/Desktop/eclipse-workspace/RobotProject/target/classes:/Users/vikashkirla/.m2/repository/junit/junit/4.13.2/junit-4.13.2.jar:/Users/vikashkirla/.m2/repository/org/hamcrest/hamcrest-core/1.3/hamcrest-core-1.3.jar:/Users/vikashkirla/.m2/repository/org/junit/jupiter/junit-jupiter-api/5.8.0/junit-jupiter-api-5.8.0.jar:/Users/vikashkirla/.m2/repository/org/opentest4j/opentest4j/1.2.0/opentest4j-1.2.0.jar:/Users/vikashkirla/.m2/repository/org/junit/platform/junit-platform-commons/1.8.0/junit-platform-commons-1.8.0.jar:/Users/vikashkirla/.m2/repository/org/apiguardian/apiguardian-api/1.1.2/apiguardian-api-1.1.2.jar:/Users/vikashkirla/.m2/repository/org/junit/vintage/junit-vintage-engine/5.8.0/junit-vintage-engine-5.8.0.jar:/Users/vikashkirla/.m2/repository/org/junit/platform/junit-platform-engine/1.8.0/junit-platform-engine-1.8.0.jar:"/>
    <property name="sun.cpu.endian" value="little"/>
    <property name="user.home" value="/Users/vikashkirla"/>
    <property name="user.language" value="en"/>
    <property name="java.specification.vendor" value="Oracle Corporation"/>
    <property name="java.version.date" value="2023-01-17"/>
    <property name="java.home" value="/Users/vikashkirla/.p2/pool/plugins/org.eclipse.justj.openjdk.hotspot.jre.full.macosx.x86_64_17.0.6.v20230204-1729/jre"/>
    <property name="file.separator" value="/"/>
    <property name="style.color" value="always"/>
    <property name="basedir" value="/Users/vikashkirla/Desktop/eclipse-workspace/RobotProject"/>
    <property name="java.vm.compressedOopsMode" value="Zero based"/>
    <property name="line.separator" value="&#10;"/>
    <property name="java.vm.specification.vendor" value="Oracle Corporation"/>
    <property name="java.specification.name" value="Java Platform API Specification"/>
    <property name="surefire.real.class.path" value="/Users/vikashkirla/Desktop/eclipse-workspace/RobotProject/target/surefire/surefirebooter1535933972929099912.jar"/>
    <property name="sun.management.compiler" value="HotSpot 64-Bit Tiered Compilers"/>
    <property name="ftp.nonProxyHosts" value="local|*.local|169.254/16|*.169.254/16"/>
    <property name="java.runtime.version" value="17.0.6+10"/>
    <property name="user.name" value="vikashkirla"/>
    <property name="path.separator" value=":"/>
    <property name="os.version" value="13.4.1"/>
    <property name="java.runtime.name" value="OpenJDK Runtime Environment"/>
    <property name="file.encoding" value="UTF-8"/>
    <property name="java.vm.name" value="OpenJDK 64-Bit Server VM"/>
    <property name="java.vendor.version" value="Temurin-17.0.6+10"/>
    <property name="localRepository" value="/Users/vikashkirla/.m2/repository"/>
    <property name="java.vendor.url.bug" value="https://github.com/adoptium/adoptium-support/issues"/>
    <property name="java.io.tmpdir" value="/var/folders/9n/dw4k261x4y57qd127_j2qy740000gn/T/"/>
    <property name="java.version" value="17.0.6"/>
    <property name="user.dir" value="/Users/vikashkirla/Desktop/eclipse-workspace/RobotProject"/>
    <property name="os.arch" value="x86_64"/>
    <property name="java.vm.specification.name" value="Java Virtual Machine Specification"/>
    <property name="native.encoding" value="UTF-8"/>
    <property name="java.library.path" value="/Users/vikashkirla/Library/Java/Extensions:/Library/Java/Extensions:/Network/Library/Java/Extensions:/System/Library/Java/Extensions:/usr/lib/java:."/>
    <property name="java.vm.info" value="mixed mode"/>
    <property name="java.vendor" value="Eclipse Adoptium"/>
    <property name="java.vm.version" value="17.0.6+10"/>
    <property name="sun.io.unicode.encoding" value="UnicodeBig"/>
    <property name="socksNonProxyHosts" value="local|*.local|169.254/16|*.169.254/16"/>
    <property name="java.class.version" value="61.0"/>
  </properties>
  <testcase name="testCheckInputInvalidLength[0]" classname="com.softwareTesting.RobotProject.RobotCheckInputTest" time="0"/>
  <testcase name="testCheckInputInvalidSymbol[0]" classname="com.softwareTesting.RobotProject.RobotCheckInputTest" time="0"/>
  <testcase name="testCheckInputTestValidInput[0]" classname="com.softwareTesting.RobotProject.RobotCheckInputTest" time="0"/>
  <testcase name="testCheckInputInvalidCommand[0]" classname="com.softwareTesting.RobotProject.RobotCheckInputTest" time="0"/>
  <testcase name="testCheckInputTestValid_I[0]" classname="com.softwareTesting.RobotProject.RobotCheckInputTest" time="0"/>
  <testcase name="testCheckInputTestValid_M[0]" classname="com.softwareTesting.RobotProject.RobotCheckInputTest" time="0"/>
  <testcase name="testCheckInputInvalidLength[1]" classname="com.softwareTesting.RobotProject.RobotCheckInputTest" time="0"/>
  <testcase name="testCheckInputInvalidSymbol[1]" classname="com.softwareTesting.RobotProject.RobotCheckInputTest" time="0"/>
  <testcase name="testCheckInputTestValidInput[1]" classname="com.softwareTesting.RobotProject.RobotCheckInputTest" time="0"/>
  <testcase name="testCheckInputInvalidCommand[1]" classname="com.softwareTesting.RobotProject.RobotCheckInputTest" time="0"/>
  <testcase name="testCheckInputTestValid_I[1]" classname="com.softwareTesting.RobotProject.RobotCheckInputTest" time="0"/>
  <testcase name="testCheckInputTestValid_M[1]" classname="com.softwareTesting.RobotProject.RobotCheckInputTest" time="0"/>
  <testcase name="testCheckInputInvalidLength[2]" classname="com.softwareTesting.RobotProject.RobotCheckInputTest" time="0"/>
  <testcase name="testCheckInputInvalidSymbol[2]" classname="com.softwareTesting.RobotProject.RobotCheckInputTest" time="0"/>
  <testcase name="testCheckInputTestValidInput[2]" classname="com.softwareTesting.RobotProject.RobotCheckInputTest" time="0"/>
  <testcase name="testCheckInputInvalidCommand[2]" classname="com.softwareTesting.RobotProject.RobotCheckInputTest" time="0"/>
  <testcase name="testCheckInputTestValid_I[2]" classname="com.softwareTesting.RobotProject.RobotCheckInputTest" time="0"/>
  <testcase name="testCheckInputTestValid_M[2]" classname="com.softwareTesting.RobotProject.RobotCheckInputTest" time="0"/>
  <testcase name="testCheckInputInvalidLength[3]" classname="com.softwareTesting.RobotProject.RobotCheckInputTest" time="0"/>
  <testcase name="testCheckInputInvalidSymbol[3]" classname="com.softwareTesting.RobotProject.RobotCheckInputTest" time="0"/>
  <testcase name="testCheckInputTestValidInput[3]" classname="com.softwareTesting.RobotProject.RobotCheckInputTest" time="0.001"/>
  <testcase name="testCheckInputInvalidCommand[3]" classname="com.softwareTesting.RobotProject.RobotCheckInputTest" time="0"/>
  <testcase name="testCheckInputTestValid_I[3]" classname="com.softwareTesting.RobotProject.RobotCheckInputTest" time="0"/>
  <testcase name="testCheckInputTestValid_M[3]" classname="com.softwareTesting.RobotProject.RobotCheckInputTest" time="0"/>
  <testcase name="testCheckInputInvalidLength[4]" classname="com.softwareTesting.RobotProject.RobotCheckInputTest" time="0"/>
  <testcase name="testCheckInputInvalidSymbol[4]" classname="com.softwareTesting.RobotProject.RobotCheckInputTest" time="0.001"/>
  <testcase name="testCheckInputTestValidInput[4]" classname="com.softwareTesting.RobotProject.RobotCheckInputTest" time="0"/>
  <testcase name="testCheckInputInvalidCommand[4]" classname="com.softwareTesting.RobotProject.RobotCheckInputTest" time="0"/>
  <testcase name="testCheckInputTestValid_I[4]" classname="com.softwareTesting.RobotProject.RobotCheckInputTest" time="0"/>
  <testcase name="testCheckInputTestValid_M[4]" classname="com.softwareTesting.RobotProject.RobotCheckInputTest" time="0"/>
  <testcase name="testCheckInputInvalidLength[5]" classname="com.softwareTesting.RobotProject.RobotCheckInputTest" time="0"/>
  <testcase name="testCheckInputInvalidSymbol[5]" classname="com.softwareTesting.RobotProject.RobotCheckInputTest" time="0"/>
  <testcase name="testCheckInputTestValidInput[5]" classname="com.softwareTesting.RobotProject.RobotCheckInputTest" time="0"/>
  <testcase name="testCheckInputInvalidCommand[5]" classname="com.softwareTesting.RobotProject.RobotCheckInputTest" time="0"/>
  <testcase name="testCheckInputTestValid_I[5]" classname="com.softwareTesting.RobotProject.RobotCheckInputTest" time="0"/>
  <testcase name="testCheckInputTestValid_M[5]" classname="com.softwareTesting.RobotProject.RobotCheckInputTest" time="0"/>
  <testcase name="testCheckInputInvalidLength[6]" classname="com.softwareTesting.RobotProject.RobotCheckInputTest" time="0.003"/>
  <testcase name="testCheckInputInvalidSymbol[6]" classname="com.softwareTesting.RobotProject.RobotCheckInputTest" time="0"/>
  <testcase name="testCheckInputTestValidInput[6]" classname="com.softwareTesting.RobotProject.RobotCheckInputTest" time="0"/>
  <testcase name="testCheckInputInvalidCommand[6]" classname="com.softwareTesting.RobotProject.RobotCheckInputTest" time="0"/>
  <testcase name="testCheckInputTestValid_I[6]" classname="com.softwareTesting.RobotProject.RobotCheckInputTest" time="0"/>
  <testcase name="testCheckInputTestValid_M[6]" classname="com.softwareTesting.RobotProject.RobotCheckInputTest" time="0"/>
  <testcase name="testCheckInputInvalidLength[7]" classname="com.softwareTesting.RobotProject.RobotCheckInputTest" time="0"/>
  <testcase name="testCheckInputInvalidSymbol[7]" classname="com.softwareTesting.RobotProject.RobotCheckInputTest" time="0.001"/>
  <testcase name="testCheckInputTestValidInput[7]" classname="com.softwareTesting.RobotProject.RobotCheckInputTest" time="0"/>
  <testcase name="testCheckInputInvalidCommand[7]" classname="com.softwareTesting.RobotProject.RobotCheckInputTest" time="0"/>
  <testcase name="testCheckInputTestValid_I[7]" classname="com.softwareTesting.RobotProject.RobotCheckInputTest" time="0"/>
  <testcase name="testCheckInputTestValid_M[7]" classname="com.softwareTesting.RobotProject.RobotCheckInputTest" time="0"/>
  <testcase name="testCheckInputInvalidLength[8]" classname="com.softwareTesting.RobotProject.RobotCheckInputTest" time="0"/>
  <testcase name="testCheckInputInvalidSymbol[8]" classname="com.softwareTesting.RobotProject.RobotCheckInputTest" time="0"/>
  <testcase name="testCheckInputTestValidInput[8]" classname="com.softwareTesting.RobotProject.RobotCheckInputTest" time="0"/>
  <testcase name="testCheckInputInvalidCommand[8]" classname="com.softwareTesting.RobotProject.RobotCheckInputTest" time="0.001"/>
  <testcase name="testCheckInputTestValid_I[8]" classname="com.softwareTesting.RobotProject.RobotCheckInputTest" time="0"/>
  <testcase name="testCheckInputTestValid_M[8]" classname="com.softwareTesting.RobotProject.RobotCheckInputTest" time="0"/>
  <testcase name="testCheckInputInvalidLength[9]" classname="com.softwareTesting.RobotProject.RobotCheckInputTest" time="0"/>
  <testcase name="testCheckInputInvalidSymbol[9]" classname="com.softwareTesting.RobotProject.RobotCheckInputTest" time="0"/>
  <testcase name="testCheckInputTestValidInput[9]" classname="com.softwareTesting.RobotProject.RobotCheckInputTest" time="0"/>
  <testcase name="testCheckInputInvalidCommand[9]" classname="com.softwareTesting.RobotProject.RobotCheckInputTest" time="0"/>
  <testcase name="testCheckInputTestValid_I[9]" classname="com.softwareTesting.RobotProject.RobotCheckInputTest" time="0"/>
  <testcase name="testCheckInputTestValid_M[9]" classname="com.softwareTesting.RobotProject.RobotCheckInputTest" time="0"/>
  <testcase name="testCheckInputInvalidLength[10]" classname="com.softwareTesting.RobotProject.RobotCheckInputTest" time="0"/>
  <testcase name="testCheckInputInvalidSymbol[10]" classname="com.softwareTesting.RobotProject.RobotCheckInputTest" time="0"/>
  <testcase name="testCheckInputTestValidInput[10]" classname="com.softwareTesting.RobotProject.RobotCheckInputTest" time="0"/>
  <testcase name="testCheckInputInvalidCommand[10]" classname="com.softwareTesting.RobotProject.RobotCheckInputTest" time="0"/>
  <testcase name="testCheckInputTestValid_I[10]" classname="com.softwareTesting.RobotProject.RobotCheckInputTest" time="0.001"/>
  <testcase name="testCheckInputTestValid_M[10]" classname="com.softwareTesting.RobotProject.RobotCheckInputTest" time="0"/>
  <testcase name="testCheckInputInvalidLength[11]" classname="com.softwareTesting.RobotProject.RobotCheckInputTest" time="0"/>
  <testcase name="testCheckInputInvalidSymbol[11]" classname="com.softwareTesting.RobotProject.RobotCheckInputTest" time="0"/>
  <testcase name="testCheckInputTestValidInput[11]" classname="com.softwareTesting.RobotProject.RobotCheckInputTest" time="0"/>
  <testcase name="testCheckInputInvalidCommand[11]" classname="com.softwareTesting.RobotProject.RobotCheckInputTest" time="0"/>
  <testcase name="testCheckInputTestValid_I[11]" classname="com.softwareTesting.RobotProject.RobotCheckInputTest" time="0"/>
  <testcase name="testCheckInputTestValid_M[11]" classname="com.softwareTesting.RobotProject.RobotCheckInputTest" time="0.001"/>
  <testcase name="testCheckInputInvalidLength[12]" classname="com.softwareTesting.RobotProject.RobotCheckInputTest" time="0"/>
  <testcase name="testCheckInputInvalidSymbol[12]" classname="com.softwareTesting.RobotProject.RobotCheckInputTest" time="0"/>
  <testcase name="testCheckInputTestValidInput[12]" classname="com.softwareTesting.RobotProject.RobotCheckInputTest" time="0.002"/>
  <testcase name="testCheckInputInvalidCommand[12]" classname="com.softwareTesting.RobotProject.RobotCheckInputTest" time="0"/>
  <testcase name="testCheckInputTestValid_I[12]" classname="com.softwareTesting.RobotProject.RobotCheckInputTest" time="0"/>
  <testcase name="testCheckInputTestValid_M[12]" classname="com.softwareTesting.RobotProject.RobotCheckInputTest" time="0"/>
  <testcase name="testCheckInputInvalidLength[13]" classname="com.softwareTesting.RobotProject.RobotCheckInputTest" time="0"/>
  <testcase name="testCheckInputInvalidSymbol[13]" classname="com.softwareTesting.RobotProject.RobotCheckInputTest" time="0"/>
  <testcase name="testCheckInputTestValidInput[13]" classname="com.softwareTesting.RobotProject.RobotCheckInputTest" time="0"/>
  <testcase name="testCheckInputInvalidCommand[13]" classname="com.softwareTesting.RobotProject.RobotCheckInputTest" time="0"/>
  <testcase name="testCheckInputTestValid_I[13]" classname="com.softwareTesting.RobotProject.RobotCheckInputTest" time="0"/>
  <testcase name="testCheckInputTestValid_M[13]" classname="com.softwareTesting.RobotProject.RobotCheckInputTest" time="0.001"/>
</testsuite>